<?xml version="1.0" encoding="UTF-8"?>
<testsuite name="SILab2Test" tests="1" skipped="0" failures="0" errors="0" timestamp="2022-06-03T15:55:36" hostname="IVANA" time="0.042">
  <properties/>
  <testcase name="everyBranchAndStatementTest()" classname="SILab2Test" time="0.042"/>
  <system-out><![CDATA[]]></system-out>
  <system-err><![CDATA[]]></system-err>
</testsuite>
